<?xml version="1.0" encoding="UTF-8"?>
<coverage generated="1580121002365" clover="3.2.0">
  <project timestamp="1580121002365" name="All files">
    <metrics statements="57" coveredstatements="44" conditionals="2" coveredconditionals="0" methods="12" coveredmethods="6" elements="71" coveredelements="50" complexity="0" loc="57" ncloc="57" packages="4" files="11" classes="11"/>
    <package name="config">
      <metrics statements="14" coveredstatements="14" conditionals="0" coveredconditionals="0" methods="4" coveredmethods="4"/>
      <file name="setupSomething.ts" path="C:\Users\mtr\test-apps\react-redux-node-express-with-typescript-and-jest\node-express-BE\src\config\setupSomething.ts">
        <metrics statements="14" coveredstatements="14" conditionals="0" coveredconditionals="0" methods="4" coveredmethods="4"/>
        <line num="1" count="1" type="stmt"/>
        <line num="2" count="1" type="stmt"/>
        <line num="8" count="1" type="stmt"/>
        <line num="15" count="1" type="stmt"/>
        <line num="17" count="1" type="stmt"/>
        <line num="22" count="1" type="stmt"/>
        <line num="29" count="1" type="stmt"/>
        <line num="30" count="1" type="stmt"/>
        <line num="31" count="1" type="stmt"/>
        <line num="38" count="1" type="stmt"/>
        <line num="40" count="1" type="stmt"/>
        <line num="41" count="2" type="stmt"/>
        <line num="42" count="2" type="stmt"/>
        <line num="47" count="1" type="stmt"/>
      </file>
    </package>
    <package name="exceptions">
      <metrics statements="22" coveredstatements="14" conditionals="1" coveredconditionals="0" methods="5" coveredmethods="0"/>
      <file name="AuthenticationTokenMissingException.ts" path="C:\Users\mtr\test-apps\react-redux-node-express-with-typescript-and-jest\node-express-BE\src\exceptions\AuthenticationTokenMissingException.ts">
        <metrics statements="3" coveredstatements="2" conditionals="0" coveredconditionals="0" methods="1" coveredmethods="0"/>
        <line num="1" count="1" type="stmt"/>
        <line num="3" count="1" type="stmt"/>
        <line num="5" count="0" type="stmt"/>
      </file>
      <file name="HttpException.ts" path="C:\Users\mtr\test-apps\react-redux-node-express-with-typescript-and-jest\node-express-BE\src\exceptions\HttpException.ts">
        <metrics statements="5" coveredstatements="1" conditionals="1" coveredconditionals="0" methods="1" coveredmethods="0"/>
        <line num="1" count="1" type="stmt"/>
        <line num="6" count="0" type="stmt"/>
        <line num="7" count="0" type="stmt"/>
        <line num="8" count="0" type="stmt"/>
        <line num="9" count="0" type="stmt"/>
      </file>
      <file name="UserWithThatEmailAlreadyExistsException.ts" path="C:\Users\mtr\test-apps\react-redux-node-express-with-typescript-and-jest\node-express-BE\src\exceptions\UserWithThatEmailAlreadyExistsException.ts">
        <metrics statements="3" coveredstatements="2" conditionals="0" coveredconditionals="0" methods="1" coveredmethods="0"/>
        <line num="1" count="1" type="stmt"/>
        <line num="3" count="1" type="stmt"/>
        <line num="5" count="0" type="stmt"/>
      </file>
      <file name="WrongAuthenticationTokenException.ts" path="C:\Users\mtr\test-apps\react-redux-node-express-with-typescript-and-jest\node-express-BE\src\exceptions\WrongAuthenticationTokenException.ts">
        <metrics statements="3" coveredstatements="2" conditionals="0" coveredconditionals="0" methods="1" coveredmethods="0"/>
        <line num="1" count="1" type="stmt"/>
        <line num="3" count="1" type="stmt"/>
        <line num="5" count="0" type="stmt"/>
      </file>
      <file name="WrongCredentialsException.ts" path="C:\Users\mtr\test-apps\react-redux-node-express-with-typescript-and-jest\node-express-BE\src\exceptions\WrongCredentialsException.ts">
        <metrics statements="3" coveredstatements="2" conditionals="0" coveredconditionals="0" methods="1" coveredmethods="0"/>
        <line num="1" count="1" type="stmt"/>
        <line num="3" count="1" type="stmt"/>
        <line num="5" count="0" type="stmt"/>
      </file>
      <file name="index.ts" path="C:\Users\mtr\test-apps\react-redux-node-express-with-typescript-and-jest\node-express-BE\src\exceptions\index.ts">
        <metrics statements="5" coveredstatements="5" conditionals="0" coveredconditionals="0" methods="0" coveredmethods="0"/>
        <line num="1" count="1" type="stmt"/>
        <line num="2" count="1" type="stmt"/>
        <line num="3" count="1" type="stmt"/>
        <line num="4" count="1" type="stmt"/>
        <line num="5" count="1" type="stmt"/>
      </file>
    </package>
    <package name="models">
      <metrics statements="9" coveredstatements="9" conditionals="0" coveredconditionals="0" methods="0" coveredmethods="0"/>
      <file name="index.ts" path="C:\Users\mtr\test-apps\react-redux-node-express-with-typescript-and-jest\node-express-BE\src\models\index.ts">
        <metrics statements="2" coveredstatements="2" conditionals="0" coveredconditionals="0" methods="0" coveredmethods="0"/>
        <line num="1" count="1" type="stmt"/>
        <line num="2" count="1" type="stmt"/>
      </file>
      <file name="todo.model.ts" path="C:\Users\mtr\test-apps\react-redux-node-express-with-typescript-and-jest\node-express-BE\src\models\todo.model.ts">
        <metrics statements="3" coveredstatements="3" conditionals="0" coveredconditionals="0" methods="0" coveredmethods="0"/>
        <line num="1" count="1" type="stmt"/>
        <line num="4" count="1" type="stmt"/>
        <line num="15" count="1" type="stmt"/>
      </file>
      <file name="user.model.ts" path="C:\Users\mtr\test-apps\react-redux-node-express-with-typescript-and-jest\node-express-BE\src\models\user.model.ts">
        <metrics statements="4" coveredstatements="4" conditionals="0" coveredconditionals="0" methods="0" coveredmethods="0"/>
        <line num="1" count="1" type="stmt"/>
        <line num="4" count="1" type="stmt"/>
        <line num="19" count="1" type="stmt"/>
        <line num="43" count="1" type="stmt"/>
      </file>
    </package>
    <package name="routes.todos">
      <metrics statements="12" coveredstatements="7" conditionals="1" coveredconditionals="0" methods="3" coveredmethods="2"/>
      <file name="todos.service.ts" path="C:\Users\mtr\test-apps\react-redux-node-express-with-typescript-and-jest\node-express-BE\src\routes\todos\todos.service.ts">
        <metrics statements="12" coveredstatements="7" conditionals="1" coveredconditionals="0" methods="3" coveredmethods="2"/>
        <line num="1" count="1" type="stmt"/>
        <line num="2" count="1" type="stmt"/>
        <line num="7" count="1" type="stmt"/>
        <line num="10" count="0" type="stmt"/>
        <line num="11" count="0" type="stmt"/>
        <line num="13" count="0" type="stmt"/>
        <line num="15" count="0" type="stmt"/>
        <line num="20" count="1" type="stmt"/>
        <line num="21" count="1" type="stmt"/>
        <line num="23" count="1" type="stmt"/>
        <line num="25" count="0" type="stmt"/>
        <line num="30" count="1" type="stmt"/>
      </file>
    </package>
  </project>
</coverage>
