{"C:\\Users\\mtr\\test-apps\\react-redux-node-express-with-typescript-and-jest\\node-express-BE\\src\\config\\setupSomething.ts": {"path":"C:\\Users\\mtr\\test-apps\\react-redux-node-express-with-typescript-and-jest\\node-express-BE\\src\\config\\setupSomething.ts","statementMap":{"0":{"start":{"line":1,"column":0},"end":{"line":1,"column":32}},"1":{"start":{"line":2,"column":0},"end":{"line":2,"column":58}},"2":{"start":{"line":8,"column":4},"end":{"line":8,"column":42}},"3":{"start":{"line":15,"column":16},"end":{"line":15,"column":55}},"4":{"start":{"line":17,"column":25},"end":{"line":20,"column":6}},"5":{"start":{"line":22,"column":4},"end":{"line":22,"column":46}},"6":{"start":{"line":29,"column":4},"end":{"line":29,"column":45}},"7":{"start":{"line":30,"column":4},"end":{"line":30,"column":38}},"8":{"start":{"line":31,"column":4},"end":{"line":31,"column":29}},"9":{"start":{"line":38,"column":24},"end":{"line":38,"column":55}},"10":{"start":{"line":40,"column":4},"end":{"line":43,"column":null}},"11":{"start":{"line":41,"column":25},"end":{"line":41,"column":41}},"12":{"start":{"line":42,"column":6},"end":{"line":42,"column":38}},"13":{"start":{"line":47,"column":0},"end":{"line":47,"column":35}}},"fnMap":{"0":{"name":"(anonymous_8)","decl":{"start":{"line":7,"column":2},"end":{"line":7,"column":null}},"loc":{"start":{"line":7,"column":2},"end":{"line":9,"column":3}}},"1":{"name":"(anonymous_9)","decl":{"start":{"line":14,"column":8},"end":{"line":14,"column":15}},"loc":{"start":{"line":14,"column":15},"end":{"line":23,"column":null}}},"2":{"name":"(anonymous_11)","decl":{"start":{"line":28,"column":8},"end":{"line":28,"column":21}},"loc":{"start":{"line":28,"column":21},"end":{"line":32,"column":null}}},"3":{"name":"(anonymous_13)","decl":{"start":{"line":37,"column":8},"end":{"line":37,"column":21}},"loc":{"start":{"line":37,"column":21},"end":{"line":44,"column":null}}}},"branchMap":{},"s":{"0":1,"1":1,"2":1,"3":1,"4":1,"5":1,"6":1,"7":1,"8":1,"9":1,"10":1,"11":2,"12":2,"13":1},"f":{"0":1,"1":1,"2":1,"3":1},"b":{}}
,"C:\\Users\\mtr\\test-apps\\react-redux-node-express-with-typescript-and-jest\\node-express-BE\\src\\exceptions\\AuthenticationTokenMissingException.ts": {"path":"C:\\Users\\mtr\\test-apps\\react-redux-node-express-with-typescript-and-jest\\node-express-BE\\src\\exceptions\\AuthenticationTokenMissingException.ts","statementMap":{"0":{"start":{"line":1,"column":0},"end":{"line":1,"column":48}},"1":{"start":{"line":5,"column":4},"end":{"line":5,"column":47}},"2":{"start":{"line":3,"column":0},"end":{"line":3,"column":13}}},"fnMap":{"0":{"name":"(anonymous_0)","decl":{"start":{"line":4,"column":2},"end":{"line":4,"column":null}},"loc":{"start":{"line":4,"column":2},"end":{"line":6,"column":3}}}},"branchMap":{},"s":{"0":1,"1":0,"2":1},"f":{"0":0},"b":{}}
,"C:\\Users\\mtr\\test-apps\\react-redux-node-express-with-typescript-and-jest\\node-express-BE\\src\\exceptions\\HttpException.ts": {"path":"C:\\Users\\mtr\\test-apps\\react-redux-node-express-with-typescript-and-jest\\node-express-BE\\src\\exceptions\\HttpException.ts","statementMap":{"0":{"start":{"line":6,"column":4},"end":{"line":6,"column":19}},"1":{"start":{"line":7,"column":4},"end":{"line":7,"column":25}},"2":{"start":{"line":8,"column":4},"end":{"line":8,"column":27}},"3":{"start":{"line":9,"column":4},"end":{"line":9,"column":21}},"4":{"start":{"line":1,"column":0},"end":{"line":1,"column":13}}},"fnMap":{"0":{"name":"(anonymous_0)","decl":{"start":{"line":5,"column":2},"end":{"line":5,"column":14}},"loc":{"start":{"line":5,"column":60},"end":{"line":10,"column":3}}}},"branchMap":{"0":{"loc":{"start":{"line":5,"column":58},"end":{"line":5,"column":60}},"type":"default-arg","locations":[{"start":{"line":5,"column":58},"end":{"line":5,"column":60}}]}},"s":{"0":0,"1":0,"2":0,"3":0,"4":1},"f":{"0":0},"b":{"0":[0]}}
,"C:\\Users\\mtr\\test-apps\\react-redux-node-express-with-typescript-and-jest\\node-express-BE\\src\\exceptions\\UserWithThatEmailAlreadyExistsException.ts": {"path":"C:\\Users\\mtr\\test-apps\\react-redux-node-express-with-typescript-and-jest\\node-express-BE\\src\\exceptions\\UserWithThatEmailAlreadyExistsException.ts","statementMap":{"0":{"start":{"line":1,"column":0},"end":{"line":1,"column":34}},"1":{"start":{"line":5,"column":4},"end":{"line":5,"column":58}},"2":{"start":{"line":3,"column":0},"end":{"line":3,"column":13}}},"fnMap":{"0":{"name":"(anonymous_0)","decl":{"start":{"line":4,"column":2},"end":{"line":4,"column":14}},"loc":{"start":{"line":4,"column":27},"end":{"line":6,"column":3}}}},"branchMap":{},"s":{"0":1,"1":0,"2":1},"f":{"0":0},"b":{}}
,"C:\\Users\\mtr\\test-apps\\react-redux-node-express-with-typescript-and-jest\\node-express-BE\\src\\exceptions\\WrongAuthenticationTokenException.ts": {"path":"C:\\Users\\mtr\\test-apps\\react-redux-node-express-with-typescript-and-jest\\node-express-BE\\src\\exceptions\\WrongAuthenticationTokenException.ts","statementMap":{"0":{"start":{"line":1,"column":0},"end":{"line":1,"column":34}},"1":{"start":{"line":5,"column":4},"end":{"line":5,"column":45}},"2":{"start":{"line":3,"column":0},"end":{"line":3,"column":13}}},"fnMap":{"0":{"name":"(anonymous_0)","decl":{"start":{"line":4,"column":2},"end":{"line":4,"column":null}},"loc":{"start":{"line":4,"column":2},"end":{"line":6,"column":3}}}},"branchMap":{},"s":{"0":1,"1":0,"2":1},"f":{"0":0},"b":{}}
,"C:\\Users\\mtr\\test-apps\\react-redux-node-express-with-typescript-and-jest\\node-express-BE\\src\\exceptions\\WrongCredentialsException.ts": {"path":"C:\\Users\\mtr\\test-apps\\react-redux-node-express-with-typescript-and-jest\\node-express-BE\\src\\exceptions\\WrongCredentialsException.ts","statementMap":{"0":{"start":{"line":1,"column":0},"end":{"line":1,"column":34}},"1":{"start":{"line":5,"column":4},"end":{"line":5,"column":45}},"2":{"start":{"line":3,"column":0},"end":{"line":3,"column":13}}},"fnMap":{"0":{"name":"(anonymous_0)","decl":{"start":{"line":4,"column":2},"end":{"line":4,"column":null}},"loc":{"start":{"line":4,"column":2},"end":{"line":6,"column":3}}}},"branchMap":{},"s":{"0":1,"1":0,"2":1},"f":{"0":0},"b":{}}
,"C:\\Users\\mtr\\test-apps\\react-redux-node-express-with-typescript-and-jest\\node-express-BE\\src\\exceptions\\index.ts": {"path":"C:\\Users\\mtr\\test-apps\\react-redux-node-express-with-typescript-and-jest\\node-express-BE\\src\\exceptions\\index.ts","statementMap":{"0":{"start":{"line":1,"column":0},"end":{"line":1,"column":54}},"1":{"start":{"line":2,"column":0},"end":{"line":2,"column":32}},"2":{"start":{"line":3,"column":0},"end":{"line":3,"column":58}},"3":{"start":{"line":4,"column":0},"end":{"line":4,"column":52}},"4":{"start":{"line":5,"column":0},"end":{"line":5,"column":44}}},"fnMap":{},"branchMap":{},"s":{"0":1,"1":1,"2":1,"3":1,"4":1},"f":{},"b":{}}
,"C:\\Users\\mtr\\test-apps\\react-redux-node-express-with-typescript-and-jest\\node-express-BE\\src\\models\\index.ts": {"path":"C:\\Users\\mtr\\test-apps\\react-redux-node-express-with-typescript-and-jest\\node-express-BE\\src\\models\\index.ts","statementMap":{"0":{"start":{"line":1,"column":0},"end":{"line":1,"column":29}},"1":{"start":{"line":2,"column":0},"end":{"line":2,"column":29}}},"fnMap":{},"branchMap":{},"s":{"0":1,"1":1},"f":{},"b":{}}
,"C:\\Users\\mtr\\test-apps\\react-redux-node-express-with-typescript-and-jest\\node-express-BE\\src\\models\\todo.model.ts": {"path":"C:\\Users\\mtr\\test-apps\\react-redux-node-express-with-typescript-and-jest\\node-express-BE\\src\\models\\todo.model.ts","statementMap":{"0":{"start":{"line":1,"column":0},"end":{"line":1,"column":51}},"1":{"start":{"line":4,"column":19},"end":{"line":13,"column":2}},"2":{"start":{"line":15,"column":13},"end":{"line":15,"column":69}}},"fnMap":{},"branchMap":{},"s":{"0":1,"1":1,"2":1},"f":{},"b":{}}
,"C:\\Users\\mtr\\test-apps\\react-redux-node-express-with-typescript-and-jest\\node-express-BE\\src\\models\\user.model.ts": {"path":"C:\\Users\\mtr\\test-apps\\react-redux-node-express-with-typescript-and-jest\\node-express-BE\\src\\models\\user.model.ts","statementMap":{"0":{"start":{"line":1,"column":0},"end":{"line":1,"column":51}},"1":{"start":{"line":4,"column":22},"end":{"line":17,"column":2}},"2":{"start":{"line":19,"column":19},"end":{"line":41,"column":2}},"3":{"start":{"line":43,"column":13},"end":{"line":43,"column":69}}},"fnMap":{},"branchMap":{},"s":{"0":1,"1":1,"2":1,"3":1},"f":{},"b":{}}
,"C:\\Users\\mtr\\test-apps\\react-redux-node-express-with-typescript-and-jest\\node-express-BE\\src\\routes\\todos\\todos.service.ts": {"path":"C:\\Users\\mtr\\test-apps\\react-redux-node-express-with-typescript-and-jest\\node-express-BE\\src\\routes\\todos\\todos.service.ts","statementMap":{"0":{"start":{"line":1,"column":0},"end":{"line":1,"column":49}},"1":{"start":{"line":2,"column":0},"end":{"line":2,"column":41}},"2":{"start":{"line":7,"column":10},"end":{"line":7,"column":28}},"3":{"start":{"line":10,"column":4},"end":{"line":16,"column":null}},"4":{"start":{"line":11,"column":21},"end":{"line":11,"column":59}},"5":{"start":{"line":13,"column":6},"end":{"line":13,"column":20}},"6":{"start":{"line":15,"column":6},"end":{"line":15,"column":59}},"7":{"start":{"line":20,"column":4},"end":{"line":26,"column":null}},"8":{"start":{"line":21,"column":19},"end":{"line":21,"column":51}},"9":{"start":{"line":23,"column":6},"end":{"line":23,"column":18}},"10":{"start":{"line":25,"column":6},"end":{"line":25,"column":59}},"11":{"start":{"line":30,"column":0},"end":{"line":30,"column":28}}},"fnMap":{"0":{"name":"(anonymous_7)","decl":{"start":{"line":6,"column":0},"end":{"line":6,"column":6}},"loc":{"start":{"line":6,"column":0},"end":{"line":28,"column":1}}},"1":{"name":"(anonymous_8)","decl":{"start":{"line":9,"column":15},"end":{"line":9,"column":21}},"loc":{"start":{"line":9,"column":40},"end":{"line":17,"column":null}}},"2":{"name":"(anonymous_10)","decl":{"start":{"line":19,"column":15},"end":{"line":19,"column":21}},"loc":{"start":{"line":19,"column":38},"end":{"line":27,"column":null}}}},"branchMap":{"0":{"loc":{"start":{"line":9,"column":38},"end":{"line":9,"column":40}},"type":"default-arg","locations":[{"start":{"line":9,"column":38},"end":{"line":9,"column":40}}]}},"s":{"0":1,"1":1,"2":1,"3":0,"4":0,"5":0,"6":0,"7":1,"8":1,"9":1,"10":0,"11":1},"f":{"0":1,"1":0,"2":1},"b":{"0":[0]}}
}
