TN:
SF:C:\Users\mtr\test-apps\react-redux-node-express-with-typescript-and-jest\node-express-BE\src\config\setupSomething.ts
FN:7,(anonymous_8)
FN:14,(anonymous_9)
FN:28,(anonymous_11)
FN:37,(anonymous_13)
FNF:4
FNH:4
FNDA:1,(anonymous_8)
FNDA:1,(anonymous_9)
FNDA:1,(anonymous_11)
FNDA:1,(anonymous_13)
DA:1,1
DA:2,1
DA:8,1
DA:15,1
DA:17,1
DA:22,1
DA:29,1
DA:30,1
DA:31,1
DA:38,1
DA:40,1
DA:41,2
DA:42,2
DA:47,1
LF:14
LH:14
BRF:0
BRH:0
end_of_record
TN:
SF:C:\Users\mtr\test-apps\react-redux-node-express-with-typescript-and-jest\node-express-BE\src\exceptions\AuthenticationTokenMissingException.ts
FN:4,(anonymous_0)
FNF:1
FNH:0
FNDA:0,(anonymous_0)
DA:1,1
DA:3,1
DA:5,0
LF:3
LH:2
BRF:0
BRH:0
end_of_record
TN:
SF:C:\Users\mtr\test-apps\react-redux-node-express-with-typescript-and-jest\node-express-BE\src\exceptions\HttpException.ts
FN:5,(anonymous_0)
FNF:1
FNH:0
FNDA:0,(anonymous_0)
DA:1,1
DA:6,0
DA:7,0
DA:8,0
DA:9,0
LF:5
LH:1
BRDA:5,0,0,0
BRF:1
BRH:0
end_of_record
TN:
SF:C:\Users\mtr\test-apps\react-redux-node-express-with-typescript-and-jest\node-express-BE\src\exceptions\UserWithThatEmailAlreadyExistsException.ts
FN:4,(anonymous_0)
FNF:1
FNH:0
FNDA:0,(anonymous_0)
DA:1,1
DA:3,1
DA:5,0
LF:3
LH:2
BRF:0
BRH:0
end_of_record
TN:
SF:C:\Users\mtr\test-apps\react-redux-node-express-with-typescript-and-jest\node-express-BE\src\exceptions\WrongAuthenticationTokenException.ts
FN:4,(anonymous_0)
FNF:1
FNH:0
FNDA:0,(anonymous_0)
DA:1,1
DA:3,1
DA:5,0
LF:3
LH:2
BRF:0
BRH:0
end_of_record
TN:
SF:C:\Users\mtr\test-apps\react-redux-node-express-with-typescript-and-jest\node-express-BE\src\exceptions\WrongCredentialsException.ts
FN:4,(anonymous_0)
FNF:1
FNH:0
FNDA:0,(anonymous_0)
DA:1,1
DA:3,1
DA:5,0
LF:3
LH:2
BRF:0
BRH:0
end_of_record
TN:
SF:C:\Users\mtr\test-apps\react-redux-node-express-with-typescript-and-jest\node-express-BE\src\exceptions\index.ts
FNF:0
FNH:0
DA:1,1
DA:2,1
DA:3,1
DA:4,1
DA:5,1
LF:5
LH:5
BRF:0
BRH:0
end_of_record
TN:
SF:C:\Users\mtr\test-apps\react-redux-node-express-with-typescript-and-jest\node-express-BE\src\models\index.ts
FNF:0
FNH:0
DA:1,1
DA:2,1
LF:2
LH:2
BRF:0
BRH:0
end_of_record
TN:
SF:C:\Users\mtr\test-apps\react-redux-node-express-with-typescript-and-jest\node-express-BE\src\models\todo.model.ts
FNF:0
FNH:0
DA:1,1
DA:4,1
DA:15,1
LF:3
LH:3
BRF:0
BRH:0
end_of_record
TN:
SF:C:\Users\mtr\test-apps\react-redux-node-express-with-typescript-and-jest\node-express-BE\src\models\user.model.ts
FNF:0
FNH:0
DA:1,1
DA:4,1
DA:19,1
DA:43,1
LF:4
LH:4
BRF:0
BRH:0
end_of_record
TN:
SF:C:\Users\mtr\test-apps\react-redux-node-express-with-typescript-and-jest\node-express-BE\src\routes\todos\todos.service.ts
FN:6,(anonymous_7)
FN:9,(anonymous_8)
FN:19,(anonymous_10)
FNF:3
FNH:2
FNDA:1,(anonymous_7)
FNDA:0,(anonymous_8)
FNDA:1,(anonymous_10)
DA:1,1
DA:2,1
DA:7,1
DA:10,0
DA:11,0
DA:13,0
DA:15,0
DA:20,1
DA:21,1
DA:23,1
DA:25,0
DA:30,1
LF:12
LH:7
BRDA:9,0,0,0
BRF:1
BRH:0
end_of_record
